生成启动时间为 2016/4/27 星期三 下午 5:13:28。
     1>项目“E:\all\flower\allmodeling\colorED\colorED\colorED.vcxproj”在节点 2 上(Build 个目标)。
     1>C:\Program Files\MSBuild\Microsoft.Cpp\v4.0\V120\Microsoft.CppBuild.targets(381,5): warning MSB8028: The intermediate directory (Debug\) contains files shared from another project (colorED.vcxproj).  This can lead to incorrect clean and rebuild behavior.
     1>C:\Program Files\MSBuild\Microsoft.Cpp\v4.0\V120\Microsoft.CppBuild.targets(935,5): warning MSB8027: Two or more files with the name of moc_flowermodeling.cpp will produce outputs to the same location. This can lead to an incorrect build result.  The files involved are GeneratedFiles\Debug\moc_flowermodeling.cpp, GeneratedFiles\Release\moc_flowermodeling.cpp.
     1>ClCompile:
         C:\Program Files\Microsoft Visual Studio 12.0\VC\bin\CL.exe /c /I.\GeneratedFiles /I. /ID:\tools\Qt\Qt5.5.1\5.5\msvc2013\include /I.\GeneratedFiles\Debug /ID:\tools\Qt\Qt5.5.1\5.5\msvc2013\include\QtCore /ID:\tools\Qt\Qt5.5.1\5.5\msvc2013\include\QtGui /ID:\tools\Qt\Qt5.5.1\5.5\msvc2013\include\QtOpenGL /ID:\tools\Qt\Qt5.5.1\5.5\msvc2013\include\QtWidgets /Zi /nologo /W1 /WX- /Od /Oy- /D UNICODE /D WIN32 /D WIN64 /D QT_DLL /D QT_CORE_LIB /D QT_GUI_LIB /D QT_OPENGL_LIB /D QT_WIDGETS_LIB /D _USE_MATH_DEFINES /Gm- /EHsc /MDd /GS /fp:precise /Zc:wchar_t /Zc:forScope /Fo"Debug\\" /Fd"Debug\vc120.pdb" /Gd /TP /analyze- /errorReport:prompt MeshFitting.cpp
         MeshFitting.cpp
     1>e:\all\flower\allmodeling\colored\colored\meshfitting.cpp(663): warning C4715: “MeshFitting::getMvmesh”: 不是所有的控件路径都返回值
       Link:
         C:\Program Files\Microsoft Visual Studio 12.0\VC\bin\link.exe /ERRORREPORT:PROMPT /OUT:"E:\all\flower\allmodeling\colorED\Win32\Debug\\flowermodeling.exe" /NOLOGO /LIBPATH:D:\tools\Qt\Qt5.5.1\5.5\msvc2013\lib qtmaind.lib Qt5Cored.lib Qt5Guid.lib Qt5OpenGLd.lib opengl32.lib glu32.lib Qt5Widgetsd.lib opencv_ml2410d.lib opencv_calib3d2410d.lib opencv_contrib2410d.lib opencv_core2410d.lib opencv_features2d2410d.lib opencv_flann2410d.lib opencv_gpu2410d.lib opencv_highgui2410d.lib opencv_imgproc2410d.lib opencv_legacy2410d.lib opencv_objdetect2410d.lib opencv_ts2410d.lib opencv_video2410d.lib opencv_nonfree2410d.lib opencv_ocl2410d.lib opencv_photo2410d.lib opencv_stitching2410d.lib opencv_superres2410d.lib opencv_videostab2410d.lib OpenMeshCored.lib OpenMeshToolsd.lib kernel32.lib user32.lib gdi32.lib winspool.lib comdlg32.lib advapi32.lib shell32.lib ole32.lib oleaut32.lib uuid.lib odbc32.lib odbccp32.lib /MANIFEST /MANIFESTUAC:"level='asInvoker' uiAccess='false'" /manifest:embed /DEBUG /PDB:"E:\all\flower\allmodeling\colorED\Win32\Debug\flowermodeling.pdb" /SUBSYSTEM:CONSOLE /TLBID:1 /DYNAMICBASE /NXCOMPAT /IMPLIB:"E:\all\flower\allmodeling\colorED\Win32\Debug\flowermodeling.lib" /MACHINE:X86 /SAFESEH Debug\EdgeDetect.obj
         Debug\FittingCurve.obj
         Debug\flowermodeling.obj
         Debug\moc_flowermodeling.obj
         Debug\qrc_flowermodeling.obj
         Debug\global.obj
         Debug\main.obj
         Debug\matrix.obj
         Debug\MeshFitting.obj
         Debug\MultLayer.obj
         Debug\MyGL.obj
         Debug\MyItem.obj
         Debug\MymeshFit.obj
         Debug\MyPointItem.obj
         Debug\PetalTemplate.obj
         colorED.vcxproj -> E:\all\flower\allmodeling\colorED\Win32\Debug\flowermodeling.exe
     1>已完成生成项目“E:\all\flower\allmodeling\colorED\colorED\colorED.vcxproj”(Build 个目标)的操作。

生成成功。

已用时间 00:00:05.27
