e:\all\flower\整合\colored\colored\debug\vc120.pdb
e:\all\flower\整合\colored\colored\debug\mypointitem.obj
e:\all\flower\整合\colored\colored\debug\myitem.obj
e:\all\flower\整合\colored\colored\debug\mygl.obj
e:\all\flower\整合\colored\colored\debug\main.obj
e:\all\flower\整合\colored\colored\debug\global.obj
e:\all\flower\整合\colored\colored\debug\moc_flowermodeling.obj
e:\all\flower\整合\colored\colored\debug\flowermodeling.obj
e:\all\flower\整合\colored\colored\debug\fittingcurve.obj
e:\all\flower\整合\colored\colored\debug\edgedetect.obj
e:\all\flower\整合\colored\colored\debug\qrc_flowermodeling.obj
e:\all\flower\整合\colored\colored\debug\petaltemplate.obj
e:\all\flower\整合\colored\colored\generatedfiles\debug\moc_flowermodeling.cpp
e:\all\flower\整合\colored\colored\generatedfiles\ui_flowermodeling.h
e:\all\flower\整合\colored\colored\generatedfiles\qrc_colored.cpp
e:\all\flower\整合\colored\win32\debug\flowermodeling.ilk
e:\all\flower\整合\colored\win32\debug\flowermodeling.exe
e:\all\flower\整合\colored\win32\debug\flowermodeling.pdb
e:\all\flower\整合\colored\colored\debug\flowermodeling.tlog\cl.command.1.tlog
e:\all\flower\整合\colored\colored\debug\flowermodeling.tlog\cl.read.1.tlog
e:\all\flower\整合\colored\colored\debug\flowermodeling.tlog\cl.write.1.tlog
e:\all\flower\整合\colored\colored\debug\flowermodeling.tlog\custombuild.command.1.tlog
e:\all\flower\整合\colored\colored\debug\flowermodeling.tlog\custombuild.read.1.tlog
e:\all\flower\整合\colored\colored\debug\flowermodeling.tlog\custombuild.write.1.tlog
e:\all\flower\整合\colored\colored\debug\flowermodeling.tlog\link.command.1.tlog
e:\all\flower\整合\colored\colored\debug\flowermodeling.tlog\link.read.1.tlog
e:\all\flower\整合\colored\colored\debug\flowermodeling.tlog\link.write.1.tlog
